#
# There is insufficient memory for the Java Runtime Environment to continue.
# Native memory allocation (mmap) failed to map 66060288 bytes for Failed to commit area from 0x000000074ca00000 to 0x0000000750900000 of length 66060288.
# Possible reasons:
#   The system is out of physical RAM or swap space
#   The process is running with CompressedOops enabled, and the Java Heap may be blocking the growth of the native heap
# Possible solutions:
#   Reduce memory load on the system
#   Increase physical memory or swap space
#   Check if swap backing store is full
#   Decrease Java heap size (-Xmx/-Xms)
#   Decrease number of Java threads
#   Decrease Java thread stack sizes (-Xss)
#   Set larger code cache with -XX:ReservedCodeCacheSize=
#   JVM is running with Zero Based Compressed Oops mode in which the Java heap is
#     placed in the first 32GB address space. The Java Heap base address is the
#     maximum limit for the native heap growth. Please use -XX:HeapBaseMinAddress
#     to set the Java Heap base and to place the Java Heap above 32GB virtual address.
# This output file may be truncated or incomplete.
#
#  Out of Memory Error (t:/workspace/open/src/hotspot/os/windows/os_windows.cpp:3315), pid=21352, tid=18716
#
# JRE version: Java(TM) SE Runtime Environment (14.0+36) (build 14+36-1461)
# Java VM: Java HotSpot(TM) 64-Bit Server VM (14+36-1461, mixed mode, sharing, tiered, compressed oops, g1 gc, windows-amd64)
# No core dump will be written. Minidumps are not enabled by default on client versions of Windows
#

---------------  S U M M A R Y ------------

Command Line: -Dmaven.multiModuleProjectDirectory=C:\_TQP\Development\Projects\tims-analytics-server -Dmaven.home=C:\Program Files\JetBrains\IntelliJ IDEA 2019.3.4\plugins\maven\lib\maven3 -Dclassworlds.conf=C:\Program Files\JetBrains\IntelliJ IDEA 2019.3.4\plugins\maven\lib\maven3\bin\m2.conf -Dmaven.ext.class.path=C:\Program Files\JetBrains\IntelliJ IDEA 2019.3.4\plugins\maven\lib\maven-event-listener.jar -javaagent:C:\Program Files\JetBrains\IntelliJ IDEA 2019.3.4\lib\idea_rt.jar=63118:C:\Program Files\JetBrains\IntelliJ IDEA 2019.3.4\bin -Dfile.encoding=UTF-8 org.codehaus.classworlds.Launcher -Didea.version=2020.2.1 clean install

Host: Intel(R) Core(TM) i5-8400 CPU @ 2.80GHz, 6 cores, 11G,  Windows 10 , 64 bit Build 18362 (10.0.18362.959)
Time: Fri Aug 28 01:53:08 2020 Eastern Daylight Time elapsed time: 9 seconds (0d 0h 0m 9s)

---------------  T H R E A D  ---------------

Current thread (0x000002098937e800):  VMThread "VM Thread" [stack: 0x0000001be0f00000,0x0000001be1000000] [id=18716]

Stack: [0x0000001be0f00000,0x0000001be1000000]
[error occurred during error reporting (printing stack bounds), id 0xc0000005, EXCEPTION_ACCESS_VIOLATION (0xc0000005) at pc=0x00000209f07310ad]

Native frames: (J=compiled Java code, j=interpreted, Vv=VM code, C=native code)
V  [jvm.dll+0x5f83ea]
V  [jvm.dll+0x741e2a]
V  [jvm.dll+0x7435df]
V  [jvm.dll+0x743b85]
V  [jvm.dll+0x743b3b]
V  [jvm.dll+0x5f791f]
V  [jvm.dll+0x5f8088]
C  [ntdll.dll+0xa11cf]
C  [ntdll.dll+0x6a209]
C  [ntdll.dll+0x9fe3e]
C  0x00000209f07310ad

VM_Operation (0x0000001be09fd080): G1TryInitiateConcMark, mode: safepoint, requested by thread 0x00000209e7f8f000


---------------  P R O C E S S  ---------------

Threads class SMR info:
_java_thread_list=0x000002098dfb5f60, length=12, elements={
0x00000209e7f8f000, 0x0000020989b86000, 0x0000020989b87000, 0x0000020989ba0800,
0x0000020989ba3800, 0x0000020989ba5000, 0x0000020989ba8000, 0x0000020989bab000,
0x0000020989bae000, 0x000002098936c000, 0x0000020989d2e000, 0x0000020989d2e800
}

Java Threads: ( => current thread )
  0x00000209e7f8f000 JavaThread "main" [_thread_blocked, id=22192, stack(0x0000001be0900000,0x0000001be0a00000)]
  0x0000020989b86000 JavaThread "Reference Handler" daemon [_thread_blocked, id=22216, stack(0x0000001be1000000,0x0000001be1100000)]
  0x0000020989b87000 JavaThread "Finalizer" daemon [_thread_blocked, id=17028, stack(0x0000001be1100000,0x0000001be1200000)]
  0x0000020989ba0800 JavaThread "Signal Dispatcher" daemon [_thread_blocked, id=22016, stack(0x0000001be1200000,0x0000001be1300000)]
  0x0000020989ba3800 JavaThread "Attach Listener" daemon [_thread_blocked, id=20968, stack(0x0000001be1300000,0x0000001be1400000)]
  0x0000020989ba5000 JavaThread "Service Thread" daemon [_thread_blocked, id=22164, stack(0x0000001be1400000,0x0000001be1500000)]
  0x0000020989ba8000 JavaThread "C2 CompilerThread0" daemon [_thread_blocked, id=1668, stack(0x0000001be1500000,0x0000001be1600000)]
  0x0000020989bab000 JavaThread "C1 CompilerThread0" daemon [_thread_blocked, id=21624, stack(0x0000001be1600000,0x0000001be1700000)]
  0x0000020989bae000 JavaThread "Sweeper thread" daemon [_thread_blocked, id=5936, stack(0x0000001be1700000,0x0000001be1800000)]
  0x000002098936c000 JavaThread "Common-Cleaner" daemon [_thread_blocked, id=20928, stack(0x0000001be1800000,0x0000001be1900000)]
  0x0000020989d2e000 JavaThread "Monitor Ctrl-Break" daemon [_thread_in_native, id=9316, stack(0x0000001be1900000,0x0000001be1a00000)]
  0x0000020989d2e800 JavaThread "Notification Thread" daemon [_thread_blocked, id=3560, stack(0x0000001be1a00000,0x0000001be1b00000)]

Other Threads:
=>0x000002098937e800 VMThread "VM Thread" [stack: 0x0000001be0f00000,0x0000001be1000000] [id=18716]
  0x0000020989d2f800 WatcherThread [stack: 0x0000001be1b00000,0x0000001be1c00000] [id=3360]
  0x00000209e7fe3000 GCTaskThread "GC Thread#0" [stack: 0x0000001be0a00000,0x0000001be0b00000] [id=13932]
  0x000002098ad43800 GCTaskThread "GC Thread#1" [stack: 0x0000001be1d00000,0x0000001be1e00000] [id=10056]
  0x000002098ae0a000 GCTaskThread "GC Thread#2" [stack: 0x0000001be1e00000,0x0000001be1f00000] [id=18824]
  0x000002098ae0a800 GCTaskThread "GC Thread#3" [stack: 0x0000001be1f00000,0x0000001be2000000] [id=13776]
  0x00000209e7ffd800 ConcurrentGCThread "G1 Main Marker" [stack: 0x0000001be0b00000,0x0000001be0c00000] [id=16312]
  0x00000209e7fff000 ConcurrentGCThread "G1 Conc#0" [stack: 0x0000001be0c00000,0x0000001be0d00000] [id=9200]
  0x000002098ba0d800 ConcurrentGCThread "G1 Conc#1" [stack: 0x0000001be2200000,0x0000001be2300000] [id=19516]
  0x00000209891f0800 ConcurrentGCThread "G1 Refine#0" [stack: 0x0000001be0d00000,0x0000001be0e00000] [id=19760]
  0x000002098b047000 ConcurrentGCThread "G1 Refine#1" [stack: 0x0000001be2000000,0x0000001be2100000] [id=4088]
  0x000002098dfe6000 ConcurrentGCThread "G1 Refine#2" [stack: 0x0000001be2100000,0x0000001be2200000] [id=17556]
  0x000002098ceb8000 ConcurrentGCThread "G1 Refine#3" [stack: 0x0000001be2300000,0x0000001be2400000] [id=9956]
  0x00000209891f1800 ConcurrentGCThread "G1 Young RemSet Sampling" [stack: 0x0000001be0e00000,0x0000001be0f00000] [id=4268]

Threads with active compile tasks:

VM state:at safepoint (normal execution)

VM Mutex/Monitor currently owned by a thread:  ([mutex/lock_event])
[0x00000209e7f89de0] Threads_lock - owner thread: 0x000002098937e800
[0x00000209e7f89cc0] Heap_lock - owner thread: 0x00000209e7f8f000

Heap address: 0x0000000741e00000, size: 3042 MB, Compressed Oops mode: Zero based, Oop shift amount: 3
Narrow klass base: 0x0000000800000000, Narrow klass shift: 3
Compressed class space size: 1073741824 Address: 0x0000000800b30000

Heap:
 garbage-first heap   total 246784K, used 87225K [0x0000000741e00000, 0x0000000800000000)
  region size 1024K, 8 young (8192K), 8 survivors (8192K)
 Metaspace       used 33462K, capacity 34490K, committed 34560K, reserved 1079296K
  class space    used 3615K, capacity 4028K, committed 4096K, reserved 1048576K
Heap Regions: E=young(eden), S=young(survivor), O=old, HS=humongous(starts), HC=humongous(continues), CS=collection set, F=free, OA=open archive, CA=closed archive, TAMS=top-at-mark-start (previous, next)
|   0|0x0000000741e00000, 0x0000000741effff0, 0x0000000741f00000| 99%| O|  |TAMS 0x0000000741effff0, 0x0000000741effff0| Untracked 
|   1|0x0000000741f00000, 0x0000000741fffff8, 0x0000000742000000| 99%| O|  |TAMS 0x0000000741fffff8, 0x0000000741fffff8| Untracked 
|   2|0x0000000742000000, 0x00000007420ffff0, 0x0000000742100000| 99%| O|  |TAMS 0x00000007420ffff0, 0x00000007420ffff0| Untracked 
|   3|0x0000000742100000, 0x0000000742200000, 0x0000000742200000|100%| O|  |TAMS 0x0000000742200000, 0x0000000742200000| Untracked 
|   4|0x0000000742200000, 0x00000007422ffff8, 0x0000000742300000| 99%| O|  |TAMS 0x00000007422ffff8, 0x00000007422ffff8| Untracked 
|   5|0x0000000742300000, 0x0000000742400000, 0x0000000742400000|100%| O|  |TAMS 0x0000000742400000, 0x0000000742400000| Untracked 
|   6|0x0000000742400000, 0x0000000742500000, 0x0000000742500000|100%| O|  |TAMS 0x0000000742500000, 0x0000000742500000| Untracked 
|   7|0x0000000742500000, 0x00000007425ffff8, 0x0000000742600000| 99%| O|  |TAMS 0x00000007425ffff8, 0x00000007425ffff8| Untracked 
|   8|0x0000000742600000, 0x00000007426ffff8, 0x0000000742700000| 99%| O|  |TAMS 0x00000007426ffff8, 0x00000007426ffff8| Untracked 
|   9|0x0000000742700000, 0x00000007427ffff8, 0x0000000742800000| 99%| O|  |TAMS 0x00000007427ffff8, 0x00000007427ffff8| Untracked 
|  10|0x0000000742800000, 0x00000007428ffff0, 0x0000000742900000| 99%| O|  |TAMS 0x00000007428ffff0, 0x00000007428ffff0| Untracked 
|  11|0x0000000742900000, 0x00000007429291f8, 0x0000000742a00000| 16%| O|  |TAMS 0x00000007429291f8, 0x00000007429291f8| Untracked 
|  12|0x0000000742a00000, 0x0000000742b00000, 0x0000000742b00000|100%| O|  |TAMS 0x0000000742b00000, 0x0000000742b00000| Untracked 
|  13|0x0000000742b00000, 0x0000000742c00000, 0x0000000742c00000|100%| O|  |TAMS 0x0000000742c00000, 0x0000000742c00000| Untracked 
|  14|0x0000000742c00000, 0x0000000742c00000, 0x0000000742d00000|  0%| F|  |TAMS 0x0000000742c00000, 0x0000000742c00000| Untracked 
|  15|0x0000000742d00000, 0x0000000742e00000, 0x0000000742e00000|100%| O|  |TAMS 0x0000000742e00000, 0x0000000742e00000| Untracked 
|  16|0x0000000742e00000, 0x0000000742f00000, 0x0000000742f00000|100%| O|  |TAMS 0x0000000742f00000, 0x0000000742f00000| Untracked 
|  17|0x0000000742f00000, 0x0000000743000000, 0x0000000743000000|100%| O|  |TAMS 0x0000000743000000, 0x0000000743000000| Untracked 
|  18|0x0000000743000000, 0x0000000743100000, 0x0000000743100000|100%| O|  |TAMS 0x0000000743100000, 0x0000000743100000| Untracked 
|  19|0x0000000743100000, 0x0000000743200000, 0x0000000743200000|100%| O|  |TAMS 0x0000000743200000, 0x0000000743200000| Untracked 
|  20|0x0000000743200000, 0x0000000743300000, 0x0000000743300000|100%| O|  |TAMS 0x0000000743300000, 0x0000000743300000| Untracked 
|  21|0x0000000743300000, 0x0000000743400000, 0x0000000743400000|100%| O|  |TAMS 0x0000000743400000, 0x0000000743400000| Untracked 
|  22|0x0000000743400000, 0x0000000743500000, 0x0000000743500000|100%| O|  |TAMS 0x0000000743500000, 0x0000000743500000| Untracked 
|  23|0x0000000743500000, 0x0000000743600000, 0x0000000743600000|100%| O|  |TAMS 0x0000000743600000, 0x0000000743600000| Untracked 
|  24|0x0000000743600000, 0x0000000743700000, 0x0000000743700000|100%| O|  |TAMS 0x0000000743700000, 0x0000000743700000| Untracked 
|  25|0x0000000743700000, 0x0000000743800000, 0x0000000743800000|100%|HS|  |TAMS 0x0000000743800000, 0x0000000743800000| Complete 
|  26|0x0000000743800000, 0x0000000743900000, 0x0000000743900000|100%| O|  |TAMS 0x0000000743900000, 0x0000000743900000| Untracked 
|  27|0x0000000743900000, 0x0000000743a00000, 0x0000000743a00000|100%| O|  |TAMS 0x0000000743a00000, 0x0000000743a00000| Untracked 
|  28|0x0000000743a00000, 0x0000000743b00000, 0x0000000743b00000|100%| O|  |TAMS 0x0000000743b00000, 0x0000000743b00000| Untracked 
|  29|0x0000000743b00000, 0x0000000743c00000, 0x0000000743c00000|100%| O|  |TAMS 0x0000000743c00000, 0x0000000743c00000| Untracked 
|  30|0x0000000743c00000, 0x0000000743d00000, 0x0000000743d00000|100%| O|  |TAMS 0x0000000743d00000, 0x0000000743d00000| Untracked 
|  31|0x0000000743d00000, 0x0000000743e00000, 0x0000000743e00000|100%| O|  |TAMS 0x0000000743e00000, 0x0000000743e00000| Untracked 
|  32|0x0000000743e00000, 0x0000000743f00000, 0x0000000743f00000|100%| O|  |TAMS 0x0000000743f00000, 0x0000000743f00000| Untracked 
|  33|0x0000000743f00000, 0x0000000744000000, 0x0000000744000000|100%| O|  |TAMS 0x0000000744000000, 0x0000000744000000| Untracked 
|  34|0x0000000744000000, 0x0000000744100000, 0x0000000744100000|100%| O|  |TAMS 0x0000000744100000, 0x0000000744100000| Untracked 
|  35|0x0000000744100000, 0x0000000744200000, 0x0000000744200000|100%| O|  |TAMS 0x0000000744200000, 0x0000000744200000| Untracked 
|  36|0x0000000744200000, 0x0000000744300000, 0x0000000744300000|100%| O|  |TAMS 0x0000000744300000, 0x0000000744300000| Untracked 
|  37|0x0000000744300000, 0x0000000744400000, 0x0000000744400000|100%| O|  |TAMS 0x0000000744400000, 0x0000000744400000| Untracked 
|  38|0x0000000744400000, 0x0000000744500000, 0x0000000744500000|100%| O|  |TAMS 0x0000000744500000, 0x0000000744500000| Untracked 
|  39|0x0000000744500000, 0x0000000744600000, 0x0000000744600000|100%| O|  |TAMS 0x0000000744600000, 0x0000000744600000| Untracked 
|  40|0x0000000744600000, 0x0000000744700000, 0x0000000744700000|100%| O|  |TAMS 0x0000000744700000, 0x0000000744700000| Untracked 
|  41|0x0000000744700000, 0x0000000744800000, 0x0000000744800000|100%| O|  |TAMS 0x0000000744800000, 0x0000000744800000| Untracked 
|  42|0x0000000744800000, 0x0000000744900000, 0x0000000744900000|100%| O|  |TAMS 0x0000000744900000, 0x0000000744900000| Untracked 
|  43|0x0000000744900000, 0x0000000744a00000, 0x0000000744a00000|100%| O|  |TAMS 0x0000000744a00000, 0x0000000744a00000| Untracked 
|  44|0x0000000744a00000, 0x0000000744b00000, 0x0000000744b00000|100%| O|  |TAMS 0x0000000744b00000, 0x0000000744b00000| Untracked 
|  45|0x0000000744b00000, 0x0000000744c00000, 0x0000000744c00000|100%| O|  |TAMS 0x0000000744c00000, 0x0000000744c00000| Untracked 
|  46|0x0000000744c00000, 0x0000000744d00000, 0x0000000744d00000|100%| O|  |TAMS 0x0000000744d00000, 0x0000000744d00000| Untracked 
|  47|0x0000000744d00000, 0x0000000744e00000, 0x0000000744e00000|100%| O|  |TAMS 0x0000000744e00000, 0x0000000744e00000| Untracked 
|  48|0x0000000744e00000, 0x0000000744f00000, 0x0000000744f00000|100%| O|  |TAMS 0x0000000744f00000, 0x0000000744f00000| Untracked 
|  49|0x0000000744f00000, 0x0000000745000000, 0x0000000745000000|100%| O|  |TAMS 0x0000000745000000, 0x0000000745000000| Untracked 
|  50|0x0000000745000000, 0x0000000745100000, 0x0000000745100000|100%| O|  |TAMS 0x0000000745000000, 0x0000000745100000| Untracked 
|  51|0x0000000745100000, 0x0000000745200000, 0x0000000745200000|100%| O|  |TAMS 0x0000000745200000, 0x0000000745200000| Untracked 
|  52|0x0000000745200000, 0x0000000745300000, 0x0000000745300000|100%| O|  |TAMS 0x0000000745300000, 0x0000000745300000| Untracked 
|  53|0x0000000745300000, 0x0000000745400000, 0x0000000745400000|100%| O|  |TAMS 0x0000000745364000, 0x0000000745400000| Untracked 
|  54|0x0000000745400000, 0x00000007454ffff8, 0x0000000745500000| 99%| O|  |TAMS 0x00000007454ffff8, 0x00000007454ffff8| Untracked 
|  55|0x0000000745500000, 0x0000000745600000, 0x0000000745600000|100%| O|  |TAMS 0x0000000745500000, 0x0000000745600000| Untracked 
|  56|0x0000000745600000, 0x0000000745700000, 0x0000000745700000|100%| O|  |TAMS 0x0000000745600000, 0x0000000745700000| Untracked 
|  57|0x0000000745700000, 0x0000000745800000, 0x0000000745800000|100%| O|  |TAMS 0x0000000745700000, 0x0000000745800000| Untracked 
|  58|0x0000000745800000, 0x0000000745900000, 0x0000000745900000|100%|HS|  |TAMS 0x0000000745800000, 0x0000000745900000| Complete 
|  59|0x0000000745900000, 0x0000000745a00000, 0x0000000745a00000|100%|HC|  |TAMS 0x0000000745900000, 0x0000000745a00000| Complete 
|  60|0x0000000745a00000, 0x0000000745b00000, 0x0000000745b00000|100%| O|  |TAMS 0x0000000745a00000, 0x0000000745b00000| Untracked 
|  61|0x0000000745b00000, 0x0000000745c00000, 0x0000000745c00000|100%| O|  |TAMS 0x0000000745b00000, 0x0000000745c00000| Untracked 
|  62|0x0000000745c00000, 0x0000000745c0d600, 0x0000000745d00000|  5%| O|  |TAMS 0x0000000745c00000, 0x0000000745c0d600| Untracked 
|  63|0x0000000745d00000, 0x0000000745e00000, 0x0000000745e00000|100%|HS|  |TAMS 0x0000000745d00000, 0x0000000745e00000| Complete 
|  64|0x0000000745e00000, 0x0000000745f00000, 0x0000000745f00000|100%|HC|  |TAMS 0x0000000745e00000, 0x0000000745f00000| Complete 
|  65|0x0000000745f00000, 0x0000000745f00000, 0x0000000746000000|  0%| F|  |TAMS 0x0000000745f00000, 0x0000000745f00000| Untracked 
|  66|0x0000000746000000, 0x00000007460ffff0, 0x0000000746100000| 99%| O|  |TAMS 0x00000007460ffff0, 0x00000007460ffff0| Untracked 
|  67|0x0000000746100000, 0x0000000746100000, 0x0000000746200000|  0%| F|  |TAMS 0x0000000746100000, 0x0000000746100000| Untracked 
|  68|0x0000000746200000, 0x0000000746300000, 0x0000000746300000|100%| O|  |TAMS 0x0000000746300000, 0x0000000746300000| Untracked 
|  69|0x0000000746300000, 0x0000000746300000, 0x0000000746400000|  0%| F|  |TAMS 0x0000000746300000, 0x0000000746300000| Untracked 
|  70|0x0000000746400000, 0x00000007464fffc0, 0x0000000746500000| 99%| O|  |TAMS 0x00000007464fffc0, 0x00000007464fffc0| Untracked 
|  71|0x0000000746500000, 0x0000000746500000, 0x0000000746600000|  0%| F|  |TAMS 0x0000000746500000, 0x0000000746500000| Untracked 
|  72|0x0000000746600000, 0x00000007466ffff8, 0x0000000746700000| 99%| O|  |TAMS 0x00000007466ffff8, 0x00000007466ffff8| Untracked 
|  73|0x0000000746700000, 0x0000000746800000, 0x0000000746800000|100%|HS|  |TAMS 0x0000000746700000, 0x0000000746800000| Complete 
|  74|0x0000000746800000, 0x0000000746900000, 0x0000000746900000|100%|HC|  |TAMS 0x0000000746800000, 0x0000000746900000| Complete 
|  75|0x0000000746900000, 0x00000007469c4210, 0x0000000746a00000| 76%| O|  |TAMS 0x00000007469c4210, 0x00000007469c4210| Untracked 
|  76|0x0000000746a00000, 0x0000000746affda0, 0x0000000746b00000| 99%| O|  |TAMS 0x0000000746affda0, 0x0000000746affda0| Untracked 
|  77|0x0000000746b00000, 0x0000000746c00000, 0x0000000746c00000|100%|HS|  |TAMS 0x0000000746b00000, 0x0000000746c00000| Complete 
|  78|0x0000000746c00000, 0x0000000746d00000, 0x0000000746d00000|100%|HC|  |TAMS 0x0000000746c00000, 0x0000000746d00000| Complete 
|  79|0x0000000746d00000, 0x0000000746d00000, 0x0000000746e00000|  0%| F|  |TAMS 0x0000000746d00000, 0x0000000746d00000| Untracked 
|  80|0x0000000746e00000, 0x0000000746e00000, 0x0000000746f00000|  0%| F|  |TAMS 0x0000000746e00000, 0x0000000746e00000| Untracked 
|  81|0x0000000746f00000, 0x0000000746f00000, 0x0000000747000000|  0%| F|  |TAMS 0x0000000746f00000, 0x0000000746f00000| Untracked 
|  82|0x0000000747000000, 0x0000000747000000, 0x0000000747100000|  0%| F|  |TAMS 0x0000000747000000, 0x0000000747000000| Untracked 
|  83|0x0000000747100000, 0x0000000747100000, 0x0000000747200000|  0%| F|  |TAMS 0x0000000747100000, 0x0000000747100000| Untracked 
|  84|0x0000000747200000, 0x0000000747200000, 0x0000000747300000|  0%| F|  |TAMS 0x0000000747200000, 0x0000000747200000| Untracked 
|  85|0x0000000747300000, 0x0000000747300000, 0x0000000747400000|  0%| F|  |TAMS 0x0000000747300000, 0x0000000747300000| Untracked 
|  86|0x0000000747400000, 0x0000000747400000, 0x0000000747500000|  0%| F|  |TAMS 0x0000000747400000, 0x0000000747400000| Untracked 
|  87|0x0000000747500000, 0x0000000747500000, 0x0000000747600000|  0%| F|  |TAMS 0x0000000747500000, 0x0000000747500000| Untracked 
|  88|0x0000000747600000, 0x0000000747600000, 0x0000000747700000|  0%| F|  |TAMS 0x0000000747600000, 0x0000000747600000| Untracked 
|  89|0x0000000747700000, 0x0000000747700000, 0x0000000747800000|  0%| F|  |TAMS 0x0000000747700000, 0x0000000747700000| Untracked 
|  90|0x0000000747800000, 0x0000000747800000, 0x0000000747900000|  0%| F|  |TAMS 0x0000000747800000, 0x0000000747800000| Untracked 
|  91|0x0000000747900000, 0x0000000747900000, 0x0000000747a00000|  0%| F|  |TAMS 0x0000000747900000, 0x0000000747900000| Untracked 
|  92|0x0000000747a00000, 0x0000000747a00000, 0x0000000747b00000|  0%| F|  |TAMS 0x0000000747a00000, 0x0000000747a00000| Untracked 
|  93|0x0000000747b00000, 0x0000000747b00000, 0x0000000747c00000|  0%| F|  |TAMS 0x0000000747b00000, 0x0000000747b00000| Untracked 
|  94|0x0000000747c00000, 0x0000000747c00000, 0x0000000747d00000|  0%| F|  |TAMS 0x0000000747c00000, 0x0000000747c00000| Untracked 
|  95|0x0000000747d00000, 0x0000000747d00000, 0x0000000747e00000|  0%| F|  |TAMS 0x0000000747d00000, 0x0000000747d00000| Untracked 
|  96|0x0000000747e00000, 0x0000000747e00000, 0x0000000747f00000|  0%| F|  |TAMS 0x0000000747e00000, 0x0000000747e00000| Untracked 
|  97|0x0000000747f00000, 0x0000000747f00000, 0x0000000748000000|  0%| F|  |TAMS 0x0000000747f00000, 0x0000000747f00000| Untracked 
|  98|0x0000000748000000, 0x0000000748000000, 0x0000000748100000|  0%| F|  |TAMS 0x0000000748000000, 0x0000000748000000| Untracked 
|  99|0x0000000748100000, 0x0000000748100000, 0x0000000748200000|  0%| F|  |TAMS 0x0000000748100000, 0x0000000748100000| Untracked 
| 100|0x0000000748200000, 0x0000000748200000, 0x0000000748300000|  0%| F|  |TAMS 0x0000000748200000, 0x0000000748200000| Untracked 
| 101|0x0000000748300000, 0x0000000748300000, 0x0000000748400000|  0%| F|  |TAMS 0x0000000748300000, 0x0000000748300000| Untracked 
| 102|0x0000000748400000, 0x0000000748400000, 0x0000000748500000|  0%| F|  |TAMS 0x0000000748400000, 0x0000000748400000| Untracked 
| 103|0x0000000748500000, 0x0000000748500000, 0x0000000748600000|  0%| F|  |TAMS 0x0000000748500000, 0x0000000748500000| Untracked 
| 104|0x0000000748600000, 0x0000000748600000, 0x0000000748700000|  0%| F|  |TAMS 0x0000000748600000, 0x0000000748600000| Untracked 
| 105|0x0000000748700000, 0x0000000748700000, 0x0000000748800000|  0%| F|  |TAMS 0x0000000748700000, 0x0000000748700000| Untracked 
| 106|0x0000000748800000, 0x0000000748800000, 0x0000000748900000|  0%| F|  |TAMS 0x0000000748800000, 0x0000000748800000| Untracked 
| 107|0x0000000748900000, 0x0000000748900000, 0x0000000748a00000|  0%| F|  |TAMS 0x0000000748900000, 0x0000000748900000| Untracked 
| 108|0x0000000748a00000, 0x0000000748a00000, 0x0000000748b00000|  0%| F|  |TAMS 0x0000000748a00000, 0x0000000748a00000| Untracked 
| 109|0x0000000748b00000, 0x0000000748b00000, 0x0000000748c00000|  0%| F|  |TAMS 0x0000000748b00000, 0x0000000748b00000| Untracked 
| 110|0x0000000748c00000, 0x0000000748c00000, 0x0000000748d00000|  0%| F|  |TAMS 0x0000000748c00000, 0x0000000748c00000| Untracked 
| 111|0x0000000748d00000, 0x0000000748d00000, 0x0000000748e00000|  0%| F|  |TAMS 0x0000000748d00000, 0x0000000748d00000| Untracked 
| 112|0x0000000748e00000, 0x0000000748e00000, 0x0000000748f00000|  0%| F|  |TAMS 0x0000000748e00000, 0x0000000748e00000| Untracked 
| 113|0x0000000748f00000, 0x0000000748f00000, 0x0000000749000000|  0%| F|  |TAMS 0x0000000748f00000, 0x0000000748f00000| Untracked 
| 114|0x0000000749000000, 0x0000000749000000, 0x0000000749100000|  0%| F|  |TAMS 0x0000000749000000, 0x0000000749000000| Untracked 
| 115|0x0000000749100000, 0x0000000749100000, 0x0000000749200000|  0%| F|  |TAMS 0x0000000749100000, 0x0000000749100000| Untracked 
| 116|0x0000000749200000, 0x0000000749200000, 0x0000000749300000|  0%| F|  |TAMS 0x0000000749200000, 0x0000000749200000| Untracked 
| 117|0x0000000749300000, 0x00000007493340b8, 0x0000000749400000| 20%| S|CS|TAMS 0x0000000749300000, 0x0000000749300000| Complete 
| 118|0x0000000749400000, 0x0000000749500000, 0x0000000749500000|100%| S|CS|TAMS 0x0000000749400000, 0x0000000749400000| Complete 
| 119|0x0000000749500000, 0x0000000749600000, 0x0000000749600000|100%| S|CS|TAMS 0x0000000749500000, 0x0000000749500000| Complete 
| 120|0x0000000749600000, 0x0000000749700000, 0x0000000749700000|100%| S|CS|TAMS 0x0000000749600000, 0x0000000749600000| Complete 
| 121|0x0000000749700000, 0x0000000749800000, 0x0000000749800000|100%| S|CS|TAMS 0x0000000749700000, 0x0000000749700000| Complete 
| 122|0x0000000749800000, 0x0000000749900000, 0x0000000749900000|100%| S|CS|TAMS 0x0000000749800000, 0x0000000749800000| Complete 
| 123|0x0000000749900000, 0x0000000749a00000, 0x0000000749a00000|100%| S|CS|TAMS 0x0000000749900000, 0x0000000749900000| Complete 
| 124|0x0000000749a00000, 0x0000000749b00000, 0x0000000749b00000|100%| S|CS|TAMS 0x0000000749a00000, 0x0000000749a00000| Complete 
| 125|0x0000000749b00000, 0x0000000749b00000, 0x0000000749c00000|  0%| F|  |TAMS 0x0000000749b00000, 0x0000000749b00000| Untracked 
| 126|0x0000000749c00000, 0x0000000749c00000, 0x0000000749d00000|  0%| F|  |TAMS 0x0000000749c00000, 0x0000000749c00000| Untracked 
| 127|0x0000000749d00000, 0x0000000749d00000, 0x0000000749e00000|  0%| F|  |TAMS 0x0000000749d00000, 0x0000000749d00000| Untracked 
| 128|0x0000000749e00000, 0x0000000749e00000, 0x0000000749f00000|  0%| F|  |TAMS 0x0000000749e00000, 0x0000000749e00000| Untracked 
| 129|0x0000000749f00000, 0x0000000749f00000, 0x000000074a000000|  0%| F|  |TAMS 0x0000000749f00000, 0x0000000749f00000| Untracked 
| 130|0x000000074a000000, 0x000000074a000000, 0x000000074a100000|  0%| F|  |TAMS 0x000000074a000000, 0x000000074a000000| Untracked 
| 131|0x000000074a100000, 0x000000074a100000, 0x000000074a200000|  0%| F|  |TAMS 0x000000074a100000, 0x000000074a100000| Untracked 
| 132|0x000000074a200000, 0x000000074a200000, 0x000000074a300000|  0%| F|  |TAMS 0x000000074a200000, 0x000000074a200000| Untracked 
| 133|0x000000074a300000, 0x000000074a300000, 0x000000074a400000|  0%| F|  |TAMS 0x000000074a300000, 0x000000074a300000| Untracked 
| 134|0x000000074a400000, 0x000000074a400000, 0x000000074a500000|  0%| F|  |TAMS 0x000000074a400000, 0x000000074a400000| Untracked 
| 135|0x000000074a500000, 0x000000074a500000, 0x000000074a600000|  0%| F|  |TAMS 0x000000074a500000, 0x000000074a500000| Untracked 
| 136|0x000000074a600000, 0x000000074a600000, 0x000000074a700000|  0%| F|  |TAMS 0x000000074a600000, 0x000000074a600000| Untracked 
| 137|0x000000074a700000, 0x000000074a700000, 0x000000074a800000|  0%| F|  |TAMS 0x000000074a700000, 0x000000074a700000| Untracked 
| 138|0x000000074a800000, 0x000000074a800000, 0x000000074a900000|  0%| F|  |TAMS 0x000000074a800000, 0x000000074a800000| Untracked 
| 139|0x000000074a900000, 0x000000074a900000, 0x000000074aa00000|  0%| F|  |TAMS 0x000000074a900000, 0x000000074a900000| Untracked 
| 140|0x000000074aa00000, 0x000000074aa00000, 0x000000074ab00000|  0%| F|  |TAMS 0x000000074aa00000, 0x000000074aa00000| Untracked 
| 141|0x000000074ab00000, 0x000000074ab00000, 0x000000074ac00000|  0%| F|  |TAMS 0x000000074ab00000, 0x000000074ab00000| Untracked 
| 142|0x000000074ac00000, 0x000000074ac00000, 0x000000074ad00000|  0%| F|  |TAMS 0x000000074ac00000, 0x000000074ac00000| Untracked 
| 143|0x000000074ad00000, 0x000000074ad00000, 0x000000074ae00000|  0%| F|  |TAMS 0x000000074ad00000, 0x000000074ad00000| Untracked 
| 144|0x000000074ae00000, 0x000000074ae00000, 0x000000074af00000|  0%| F|  |TAMS 0x000000074ae00000, 0x000000074ae00000| Untracked 
| 145|0x000000074af00000, 0x000000074af00000, 0x000000074b000000|  0%| F|  |TAMS 0x000000074af00000, 0x000000074af00000| Untracked 
| 146|0x000000074b000000, 0x000000074b000000, 0x000000074b100000|  0%| F|  |TAMS 0x000000074b000000, 0x000000074b000000| Untracked 
| 147|0x000000074b100000, 0x000000074b100000, 0x000000074b200000|  0%| F|  |TAMS 0x000000074b100000, 0x000000074b100000| Untracked 
| 148|0x000000074b200000, 0x000000074b200000, 0x000000074b300000|  0%| F|  |TAMS 0x000000074b200000, 0x000000074b200000| Untracked 
| 149|0x000000074b300000, 0x000000074b300000, 0x000000074b400000|  0%| F|  |TAMS 0x000000074b300000, 0x000000074b300000| Untracked 
| 150|0x000000074b400000, 0x000000074b400000, 0x000000074b500000|  0%| F|  |TAMS 0x000000074b400000, 0x000000074b400000| Untracked 
| 151|0x000000074b500000, 0x000000074b500000, 0x000000074b600000|  0%| F|  |TAMS 0x000000074b500000, 0x000000074b500000| Untracked 
| 152|0x000000074b600000, 0x000000074b600000, 0x000000074b700000|  0%| F|  |TAMS 0x000000074b600000, 0x000000074b600000| Untracked 
| 153|0x000000074b700000, 0x000000074b700000, 0x000000074b800000|  0%| F|  |TAMS 0x000000074b700000, 0x000000074b700000| Untracked 
| 154|0x000000074b800000, 0x000000074b800000, 0x000000074b900000|  0%| F|  |TAMS 0x000000074b800000, 0x000000074b800000| Untracked 
| 155|0x000000074b900000, 0x000000074b900000, 0x000000074ba00000|  0%| F|  |TAMS 0x000000074b900000, 0x000000074b900000| Untracked 
| 156|0x000000074ba00000, 0x000000074ba00000, 0x000000074bb00000|  0%| F|  |TAMS 0x000000074ba00000, 0x000000074ba00000| Untracked 
| 157|0x000000074bb00000, 0x000000074bb00000, 0x000000074bc00000|  0%| F|  |TAMS 0x000000074bb00000, 0x000000074bb00000| Untracked 
| 158|0x000000074bc00000, 0x000000074bc00000, 0x000000074bd00000|  0%| F|  |TAMS 0x000000074bc00000, 0x000000074bc00000| Untracked 
| 159|0x000000074bd00000, 0x000000074bd00000, 0x000000074be00000|  0%| F|  |TAMS 0x000000074bd00000, 0x000000074bd00000| Untracked 
| 160|0x000000074be00000, 0x000000074be00000, 0x000000074bf00000|  0%| F|  |TAMS 0x000000074be00000, 0x000000074be00000| Untracked 
| 161|0x000000074bf00000, 0x000000074bf00000, 0x000000074c000000|  0%| F|  |TAMS 0x000000074bf00000, 0x000000074bf00000| Untracked 
| 162|0x000000074c000000, 0x000000074c000000, 0x000000074c100000|  0%| F|  |TAMS 0x000000074c000000, 0x000000074c000000| Untracked 
| 163|0x000000074c100000, 0x000000074c100000, 0x000000074c200000|  0%| F|  |TAMS 0x000000074c100000, 0x000000074c100000| Untracked 
| 164|0x000000074c200000, 0x000000074c200000, 0x000000074c300000|  0%| F|  |TAMS 0x000000074c200000, 0x000000074c200000| Untracked 
| 165|0x000000074c300000, 0x000000074c300000, 0x000000074c400000|  0%| F|  |TAMS 0x000000074c300000, 0x000000074c300000| Untracked 
| 166|0x000000074c400000, 0x000000074c400000, 0x000000074c500000|  0%| F|  |TAMS 0x000000074c400000, 0x000000074c400000| Untracked 
| 167|0x000000074c500000, 0x000000074c500000, 0x000000074c600000|  0%| F|  |TAMS 0x000000074c500000, 0x000000074c500000| Untracked 
| 168|0x000000074c600000, 0x000000074c600000, 0x000000074c700000|  0%| F|  |TAMS 0x000000074c600000, 0x000000074c600000| Untracked 
| 169|0x000000074c700000, 0x000000074c700000, 0x000000074c800000|  0%| F|  |TAMS 0x000000074c700000, 0x000000074c700000| Untracked 
| 170|0x000000074c800000, 0x000000074c800000, 0x000000074c900000|  0%| F|  |TAMS 0x000000074c800000, 0x000000074c800000| Untracked 
| 171|0x000000074c900000, 0x000000074c900000, 0x000000074ca00000|  0%| F|  |TAMS 0x000000074c900000, 0x000000074c900000| Untracked 
|3036|0x00000007ffa00000, 0x00000007ffb00000, 0x00000007ffb00000|100%| O|  |TAMS 0x00000007ffb00000, 0x00000007ffb00000| Untracked 
|3037|0x00000007ffb00000, 0x00000007ffc00000, 0x00000007ffc00000|100%| O|  |TAMS 0x00000007ffc00000, 0x00000007ffc00000| Untracked 
|3038|0x00000007ffc00000, 0x00000007ffd00000, 0x00000007ffd00000|100%| O|  |TAMS 0x00000007ffd00000, 0x00000007ffd00000| Untracked 
|3039|0x00000007ffd00000, 0x00000007ffe00000, 0x00000007ffe00000|100%| O|  |TAMS 0x00000007ffe00000, 0x00000007ffe00000| Untracked 
|3040|0x00000007ffe00000, 0x00000007fff00000, 0x00000007fff00000|100%| O|  |TAMS 0x00000007fff00000, 0x00000007fff00000| Untracked 
|3041|0x00000007fff00000, 0x0000000800000000, 0x0000000800000000|100%| O|  |TAMS 0x0000000800000000, 0x0000000800000000| Untracked 

Card table byte_map: [0x0000020980000000,0x0000020980600000] _byte_map_base: 0x000002097c5f1000

Marking Bits (Prev, Next): (CMBitMap*) 0x00000209e7fe4f58, (CMBitMap*) 0x00000209e7fe4f18
 Prev Bits: [0x0000020983b90000, 0x0000020986b18000)
 Next Bits: [0x0000020980c00000, 0x0000020983b88000)

Polling page: 0x00000209e5f50000

Metaspace:

Usage:
  Non-class:     29.75 MB capacity,    29.15 MB ( 98%) used,   529.95 KB (  2%) free+waste,    85.31 KB ( <1%) overhead. 
      Class:      3.93 MB capacity,     3.53 MB ( 90%) used,   375.13 KB (  9%) free+waste,    36.88 KB ( <1%) overhead. 
       Both:     33.68 MB capacity,    32.68 MB ( 97%) used,   905.09 KB (  3%) free+waste,   122.19 KB ( <1%) overhead. 

Virtual space:
  Non-class space:       30.00 MB reserved,      29.75 MB (>99%) committed 
      Class space:        1.00 GB reserved,       4.00 MB ( <1%) committed 
             Both:        1.03 GB reserved,      33.75 MB (  3%) committed 

Chunk freelists:
   Non-Class:  2.00 KB
       Class:  4.00 KB
        Both:  6.00 KB

MaxMetaspaceSize: 17179869184.00 GB
CompressedClassSpaceSize: 1.00 GB

CodeHeap 'non-profiled nmethods': size=120000Kb used=5003Kb max_used=5003Kb free=114997Kb
 bounds [0x00000209f8200000, 0x00000209f86f0000, 0x00000209ff730000]
CodeHeap 'profiled nmethods': size=120000Kb used=17903Kb max_used=18420Kb free=102096Kb
 bounds [0x00000209f0cd0000, 0x00000209f1ed0000, 0x00000209f8200000]
CodeHeap 'non-nmethods': size=5760Kb used=1254Kb max_used=1311Kb free=4505Kb
 bounds [0x00000209f0730000, 0x00000209f09a0000, 0x00000209f0cd0000]
 total_blobs=12741 nmethods=7778 adapters=441
 compilation: enabled
              stopped_count=0, restarted_count=0
 full_count=0

Compilation events (20 events):
Event: 9.068 Thread 0x0000020989ba8000 9252   !   4       sun.nio.fs.WindowsPath::getPathForWin32Calls (138 bytes)
Event: 9.071 Thread 0x0000020989ba8000 nmethod 9252 0x00000209f86e1e10 code [0x00000209f86e2060, 0x00000209f86e28e8]
Event: 9.077 Thread 0x0000020989bab000 9253       3       sun.nio.fs.WindowsFileSystem::supportedFileAttributeViews (4 bytes)
Event: 9.077 Thread 0x0000020989bab000 nmethod 9253 0x00000209f1ca0390 code [0x00000209f1ca0520, 0x00000209f1ca0658]
Event: 9.078 Thread 0x0000020989bab000 9254       3       org.codehaus.plexus.components.io.resources.AbstractPlexusIoResource::<init> (39 bytes)
Event: 9.078 Thread 0x0000020989bab000 nmethod 9254 0x00000209f1a36390 code [0x00000209f1a36520, 0x00000209f1a36718]
Event: 9.078 Thread 0x0000020989bab000 9255       3       org.codehaus.plexus.components.io.resources.PlexusIoFileResource::getRootContentSupplier (9 bytes)
Event: 9.078 Thread 0x0000020989bab000 nmethod 9255 0x00000209f1298410 code [0x00000209f12985c0, 0x00000209f1298818]
Event: 9.078 Thread 0x0000020989bab000 9256       3       org.codehaus.plexus.components.io.resources.PlexusIoFileResource$1::<init> (10 bytes)
Event: 9.078 Thread 0x0000020989bab000 nmethod 9256 0x00000209f1298010 code [0x00000209f12981a0, 0x00000209f1298378]
Event: 9.078 Thread 0x0000020989bab000 9261       3       org.codehaus.plexus.components.io.resources.PlexusIoFileResource::<init> (153 bytes)
Event: 9.079 Thread 0x0000020989bab000 nmethod 9261 0x00000209f1296510 code [0x00000209f1296860, 0x00000209f1297a38]
Event: 9.079 Thread 0x0000020989bab000 9257       3       org.codehaus.plexus.components.io.resources.AbstractPlexusIoResourceCollectionWithAttributes::mergeAttributes (35 bytes)
Event: 9.079 Thread 0x0000020989bab000 nmethod 9257 0x00000209f1295c90 code [0x00000209f1295e40, 0x00000209f12962b8]
Event: 9.079 Thread 0x0000020989bab000 9258       3       org.codehaus.plexus.components.io.attributes.PlexusIoResourceAttributeUtils::mergeAttributes (351 bytes)
Event: 9.080 Thread 0x0000020989bab000 nmethod 9258 0x00000209f17b6390 code [0x00000209f17b67e0, 0x00000209f17b8f98]
Event: 9.080 Thread 0x0000020989bab000 9259       3       org.codehaus.plexus.components.io.resources.AbstractPlexusIoResourceCollection::getName (60 bytes)
Event: 9.080 Thread 0x0000020989bab000 nmethod 9259 0x00000209f1aa9690 code [0x00000209f1aa98a0, 0x00000209f1aaa028]
Event: 9.080 Thread 0x0000020989bab000 9260       3       org.codehaus.plexus.components.io.filemappers.PrefixFileMapper::getMappedFileName (32 bytes)
Event: 9.080 Thread 0x0000020989bab000 nmethod 9260 0x00000209f17b5c10 code [0x00000209f17b5e00, 0x00000209f17b6198]

GC Heap History (20 events):
Event: 5.021 GC heap after
{Heap after GC invocations=16 (full 2):
 garbage-first heap   total 86016K, used 47342K [0x0000000741e00000, 0x0000000800000000)
  region size 1024K, 1 young (1024K), 1 survivors (1024K)
 Metaspace       used 25688K, capacity 26446K, committed 26752K, reserved 1073152K
  class space    used 2864K, capacity 3146K, committed 3200K, reserved 1048576K
}
Event: 5.142 GC heap before
{Heap before GC invocations=17 (full 2):
 garbage-first heap   total 91136K, used 63726K [0x0000000741e00000, 0x0000000800000000)
  region size 1024K, 18 young (18432K), 1 survivors (1024K)
 Metaspace       used 25710K, capacity 26510K, committed 26752K, reserved 1073152K
  class space    used 2864K, capacity 3146K, committed 3200K, reserved 1048576K
}
Event: 5.145 GC heap after
{Heap after GC invocations=18 (full 2):
 garbage-first heap   total 91136K, used 50154K [0x0000000741e00000, 0x0000000800000000)
  region size 1024K, 3 young (3072K), 3 survivors (3072K)
 Metaspace       used 25710K, capacity 26510K, committed 26752K, reserved 1073152K
  class space    used 2864K, capacity 3146K, committed 3200K, reserved 1048576K
}
Event: 5.303 GC heap before
{Heap before GC invocations=18 (full 2):
 garbage-first heap   total 91136K, used 69610K [0x0000000741e00000, 0x0000000800000000)
  region size 1024K, 22 young (22528K), 3 survivors (3072K)
 Metaspace       used 25735K, capacity 26510K, committed 26752K, reserved 1073152K
  class space    used 2864K, capacity 3146K, committed 3200K, reserved 1048576K
}
Event: 5.308 GC heap after
{Heap after GC invocations=19 (full 2):
 garbage-first heap   total 109568K, used 56616K [0x0000000741e00000, 0x0000000800000000)
  region size 1024K, 3 young (3072K), 3 survivors (3072K)
 Metaspace       used 25735K, capacity 26510K, committed 26752K, reserved 1073152K
  class space    used 2864K, capacity 3146K, committed 3200K, reserved 1048576K
}
Event: 5.517 GC heap before
{Heap before GC invocations=20 (full 2):
 garbage-first heap   total 109568K, used 81192K [0x0000000741e00000, 0x0000000800000000)
  region size 1024K, 27 young (27648K), 3 survivors (3072K)
 Metaspace       used 25992K, capacity 26766K, committed 27008K, reserved 1073152K
  class space    used 2890K, capacity 3166K, committed 3200K, reserved 1048576K
}
Event: 5.524 GC heap after
{Heap after GC invocations=21 (full 2):
 garbage-first heap   total 109568K, used 63082K [0x0000000741e00000, 0x0000000800000000)
  region size 1024K, 4 young (4096K), 4 survivors (4096K)
 Metaspace       used 25992K, capacity 26766K, committed 27008K, reserved 1073152K
  class space    used 2890K, capacity 3166K, committed 3200K, reserved 1048576K
}
Event: 5.626 GC heap before
{Heap before GC invocations=21 (full 2):
 garbage-first heap   total 109568K, used 76394K [0x0000000741e00000, 0x0000000800000000)
  region size 1024K, 18 young (18432K), 4 survivors (4096K)
 Metaspace       used 26440K, capacity 27265K, committed 27392K, reserved 1073152K
  class space    used 2920K, capacity 3223K, committed 3328K, reserved 1048576K
}
Event: 5.633 GC heap after
{Heap after GC invocations=22 (full 2):
 garbage-first heap   total 109568K, used 66009K [0x0000000741e00000, 0x0000000800000000)
  region size 1024K, 3 young (3072K), 3 survivors (3072K)
 Metaspace       used 26440K, capacity 27265K, committed 27392K, reserved 1073152K
  class space    used 2920K, capacity 3223K, committed 3328K, reserved 1048576K
}
Event: 5.750 GC heap before
{Heap before GC invocations=23 (full 2):
 garbage-first heap   total 122880K, used 85465K [0x0000000741e00000, 0x0000000800000000)
  region size 1024K, 21 young (21504K), 3 survivors (3072K)
 Metaspace       used 26624K, capacity 27413K, committed 27648K, reserved 1073152K
  class space    used 2921K, capacity 3223K, committed 3328K, reserved 1048576K
}
Event: 5.758 GC heap after
{Heap after GC invocations=24 (full 2):
 garbage-first heap   total 122880K, used 69956K [0x0000000741e00000, 0x0000000800000000)
  region size 1024K, 3 young (3072K), 3 survivors (3072K)
 Metaspace       used 26624K, capacity 27413K, committed 27648K, reserved 1073152K
  class space    used 2921K, capacity 3223K, committed 3328K, reserved 1048576K
}
Event: 5.765 GC heap before
{Heap before GC invocations=24 (full 2):
 garbage-first heap   total 122880K, used 72004K [0x0000000741e00000, 0x0000000800000000)
  region size 1024K, 6 young (6144K), 3 survivors (3072K)
 Metaspace       used 26645K, capacity 27480K, committed 27648K, reserved 1073152K
  class space    used 2924K, capacity 3223K, committed 3328K, reserved 1048576K
}
Event: 5.771 GC heap after
{Heap after GC invocations=25 (full 2):
 garbage-first heap   total 182272K, used 70394K [0x0000000741e00000, 0x0000000800000000)
  region size 1024K, 1 young (1024K), 1 survivors (1024K)
 Metaspace       used 26645K, capacity 27480K, committed 27648K, reserved 1073152K
  class space    used 2924K, capacity 3223K, committed 3328K, reserved 1048576K
}
Event: 6.412 GC heap before
{Heap before GC invocations=26 (full 2):
 garbage-first heap   total 182272K, used 134906K [0x0000000741e00000, 0x0000000800000000)
  region size 1024K, 62 young (63488K), 1 survivors (1024K)
 Metaspace       used 29216K, capacity 30157K, committed 30464K, reserved 1077248K
  class space    used 3160K, capacity 3490K, committed 3584K, reserved 1048576K
}
Event: 6.416 GC heap after
{Heap after GC invocations=27 (full 2):
 garbage-first heap   total 182272K, used 74798K [0x0000000741e00000, 0x0000000800000000)
  region size 1024K, 4 young (4096K), 4 survivors (4096K)
 Metaspace       used 29216K, capacity 30157K, committed 30464K, reserved 1077248K
  class space    used 3160K, capacity 3490K, committed 3584K, reserved 1048576K
}
Event: 6.867 GC heap before
{Heap before GC invocations=27 (full 2):
 garbage-first heap   total 182272K, used 137262K [0x0000000741e00000, 0x0000000800000000)
  region size 1024K, 65 young (66560K), 4 survivors (4096K)
 Metaspace       used 29753K, capacity 30676K, committed 30976K, reserved 1077248K
  class space    used 3183K, capacity 3508K, committed 3584K, reserved 1048576K
}
Event: 6.873 GC heap after
{Heap after GC invocations=28 (full 2):
 garbage-first heap   total 182272K, used 77002K [0x0000000741e00000, 0x0000000800000000)
  region size 1024K, 6 young (6144K), 6 survivors (6144K)
 Metaspace       used 29753K, capacity 30676K, committed 30976K, reserved 1077248K
  class space    used 3183K, capacity 3508K, committed 3584K, reserved 1048576K
}
Event: 7.354 GC heap before
{Heap before GC invocations=28 (full 2):
 garbage-first heap   total 182272K, used 141514K [0x0000000741e00000, 0x0000000800000000)
  region size 1024K, 69 young (70656K), 6 survivors (6144K)
 Metaspace       used 29992K, capacity 30979K, committed 31232K, reserved 1077248K
  class space    used 3191K, capacity 3543K, committed 3584K, reserved 1048576K
}
Event: 7.361 GC heap after
{Heap after GC invocations=29 (full 2):
 garbage-first heap   total 182272K, used 78061K [0x0000000741e00000, 0x0000000800000000)
  region size 1024K, 5 young (5120K), 5 survivors (5120K)
 Metaspace       used 29992K, capacity 30979K, committed 31232K, reserved 1077248K
  class space    used 3191K, capacity 3543K, committed 3584K, reserved 1048576K
}
Event: 9.102 GC heap before
{Heap before GC invocations=29 (full 2):
 garbage-first heap   total 182272K, used 131309K [0x0000000741e00000, 0x0000000800000000)
  region size 1024K, 52 young (53248K), 5 survivors (5120K)
 Metaspace       used 33462K, capacity 34490K, committed 34560K, reserved 1079296K
  class space    used 3615K, capacity 4028K, committed 4096K, reserved 1048576K
}

Deoptimization events (20 events):
Event: 8.183 Thread 0x00000209e7f8f000 DEOPT PACKING pc=0x00000209f18e45c4 sp=0x0000001be09fd880
Event: 8.183 Thread 0x00000209e7f8f000 DEOPT UNPACKING pc=0x00000209f077964e sp=0x0000001be09fcd58 mode 0
Event: 8.185 Thread 0x00000209e7f8f000 DEOPT PACKING pc=0x00000209f18e45c4 sp=0x0000001be09fd880
Event: 8.185 Thread 0x00000209e7f8f000 DEOPT UNPACKING pc=0x00000209f077964e sp=0x0000001be09fcd58 mode 0
Event: 8.860 Thread 0x00000209e7f8f000 DEOPT PACKING pc=0x00000209f1143de2 sp=0x0000001be09fca80
Event: 8.860 Thread 0x00000209e7f8f000 DEOPT UNPACKING pc=0x00000209f077964e sp=0x0000001be09fbf10 mode 0
Event: 8.860 Thread 0x00000209e7f8f000 DEOPT PACKING pc=0x00000209f1143de2 sp=0x0000001be09fca80
Event: 8.860 Thread 0x00000209e7f8f000 DEOPT UNPACKING pc=0x00000209f077964e sp=0x0000001be09fbf10 mode 0
Event: 8.861 Thread 0x00000209e7f8f000 Uncommon trap: trap_request=0xffffffde fr.pc=0x00000209f83d0bd8 relative=0x0000000000002178
Event: 8.861 Thread 0x00000209e7f8f000 Uncommon trap: reason=class_check action=maybe_recompile pc=0x00000209f83d0bd8 method=org.apache.maven.model.Plugin.clone()Lorg/apache/maven/model/Plugin; @ 94 c2
Event: 8.861 Thread 0x00000209e7f8f000 DEOPT PACKING pc=0x00000209f83d0bd8 sp=0x0000001be09fd880
Event: 8.861 Thread 0x00000209e7f8f000 DEOPT UNPACKING pc=0x00000209f077912f sp=0x0000001be09fd8a0 mode 2
Event: 8.869 Thread 0x00000209e7f8f000 Uncommon trap: trap_request=0xffffffde fr.pc=0x00000209f825b418 relative=0x0000000000000338
Event: 8.869 Thread 0x00000209e7f8f000 Uncommon trap: reason=class_check action=maybe_recompile pc=0x00000209f825b418 method=java.io.BufferedWriter.flushBuffer()V @ 34 c2
Event: 8.869 Thread 0x00000209e7f8f000 DEOPT PACKING pc=0x00000209f825b418 sp=0x0000001be09fdc80
Event: 8.869 Thread 0x00000209e7f8f000 DEOPT UNPACKING pc=0x00000209f077912f sp=0x0000001be09fdc28 mode 2
Event: 8.872 Thread 0x00000209e7f8f000 Uncommon trap: trap_request=0xffffff45 fr.pc=0x00000209f8636cdc relative=0x000000000000081c
Event: 8.872 Thread 0x00000209e7f8f000 Uncommon trap: reason=unstable_if action=reinterpret pc=0x00000209f8636cdc method=org.codehaus.plexus.util.SelectorUtils.matchAntPathPattern([[C[[CZ)Z @ 27 c2
Event: 8.872 Thread 0x00000209e7f8f000 DEOPT PACKING pc=0x00000209f8636cdc sp=0x0000001be09fdb40
Event: 8.872 Thread 0x00000209e7f8f000 DEOPT UNPACKING pc=0x00000209f077912f sp=0x0000001be09fda90 mode 2

Classes unloaded (0 events):
No events

Classes redefined (0 events):
No events

Internal exceptions (20 events):
Event: 7.171 Thread 0x00000209e7f8f000 Exception <a 'sun/nio/fs/WindowsException'{0x0000000749957150}> (0x0000000749957150) 
thrown [t:/workspace/open/src/hotspot/share/prims/jni.cpp, line 599]
Event: 7.175 Thread 0x00000209e7f8f000 Exception <a 'sun/nio/fs/WindowsException'{0x00000007499e6cb8}> (0x00000007499e6cb8) 
thrown [t:/workspace/open/src/hotspot/share/prims/jni.cpp, line 599]
Event: 7.177 Thread 0x00000209e7f8f000 Exception <a 'sun/nio/fs/WindowsException'{0x00000007499f7c78}> (0x00000007499f7c78) 
thrown [t:/workspace/open/src/hotspot/share/prims/jni.cpp, line 599]
Event: 7.180 Thread 0x00000209e7f8f000 Exception <a 'sun/nio/fs/WindowsException'{0x00000007498296d8}> (0x00000007498296d8) 
thrown [t:/workspace/open/src/hotspot/share/prims/jni.cpp, line 599]
Event: 7.182 Thread 0x00000209e7f8f000 Exception <a 'sun/nio/fs/WindowsException'{0x0000000749853950}> (0x0000000749853950) 
thrown [t:/workspace/open/src/hotspot/share/prims/jni.cpp, line 599]
Event: 7.182 Thread 0x00000209e7f8f000 Exception <a 'sun/nio/fs/WindowsException'{0x00000007498540d0}> (0x00000007498540d0) 
thrown [t:/workspace/open/src/hotspot/share/prims/jni.cpp, line 599]
Event: 7.185 Thread 0x00000209e7f8f000 Exception <a 'sun/nio/fs/WindowsException'{0x000000074986d300}> (0x000000074986d300) 
thrown [t:/workspace/open/src/hotspot/share/prims/jni.cpp, line 599]
Event: 7.193 Thread 0x00000209e7f8f000 Exception <a 'sun/nio/fs/WindowsException'{0x00000007497a9ed8}> (0x00000007497a9ed8) 
thrown [t:/workspace/open/src/hotspot/share/prims/jni.cpp, line 599]
Event: 7.195 Thread 0x00000209e7f8f000 Exception <a 'sun/nio/fs/WindowsException'{0x00000007497bb5d0}> (0x00000007497bb5d0) 
thrown [t:/workspace/open/src/hotspot/share/prims/jni.cpp, line 599]
Event: 7.204 Thread 0x00000209e7f8f000 Exception <a 'sun/nio/fs/WindowsException'{0x0000000749589850}> (0x0000000749589850) 
thrown [t:/workspace/open/src/hotspot/share/prims/jni.cpp, line 599]
Event: 7.210 Thread 0x00000209e7f8f000 Exception <a 'sun/nio/fs/WindowsException'{0x00000007494135e0}> (0x00000007494135e0) 
thrown [t:/workspace/open/src/hotspot/share/prims/jni.cpp, line 599]
Event: 7.212 Thread 0x00000209e7f8f000 Exception <a 'sun/nio/fs/WindowsException'{0x000000074941fb58}> (0x000000074941fb58) 
thrown [t:/workspace/open/src/hotspot/share/prims/jni.cpp, line 599]
Event: 7.214 Thread 0x00000209e7f8f000 Exception <a 'sun/nio/fs/WindowsException'{0x000000074943bfe0}> (0x000000074943bfe0) 
thrown [t:/workspace/open/src/hotspot/share/prims/jni.cpp, line 599]
Event: 7.217 Thread 0x00000209e7f8f000 Exception <a 'sun/nio/fs/WindowsException'{0x000000074947cff0}> (0x000000074947cff0) 
thrown [t:/workspace/open/src/hotspot/share/prims/jni.cpp, line 599]
Event: 7.219 Thread 0x00000209e7f8f000 Exception <a 'sun/nio/fs/WindowsException'{0x0000000749492590}> (0x0000000749492590) 
thrown [t:/workspace/open/src/hotspot/share/prims/jni.cpp, line 599]
Event: 7.222 Thread 0x00000209e7f8f000 Exception <a 'sun/nio/fs/WindowsException'{0x00000007494c0b88}> (0x00000007494c0b88) 
thrown [t:/workspace/open/src/hotspot/share/prims/jni.cpp, line 599]
Event: 7.417 Thread 0x000002098f71b800 Exception <a 'java/lang/NoSuchMethodError'{0x000000074c346ee8}: 'java.lang.Object java.lang.invoke.DirectMethodHandle$Holder.invokeStaticInit(java.lang.Object, java.lang.Object, long, java.lang.Object)'> (0x000000074c346ee8) 
thrown [t:/workspace/open/src/hotspot/share/interpreter/linkResolver.cpp, line 766]
Event: 7.418 Thread 0x000002098f71b800 Exception <a 'java/lang/NoSuchMethodError'{0x000000074c34c8f0}: 'java.lang.Object java.lang.invoke.Invokers$Holder.linkToTargetMethod(java.lang.Object, long, java.lang.Object)'> (0x000000074c34c8f0) 
thrown [t:/workspace/open/src/hotspot/share/interpreter/linkResolver.cpp, line 766]
Event: 7.418 Thread 0x00000209e7f8f000 Exception <a 'java/lang/NoSuchMethodError'{0x000000074c14f500}: 'java.lang.String org.apache.maven.execution.MavenExecutionRequest.getFailureBehavior()'> (0x000000074c14f500) 
thrown [t:/workspace/open/src/hotspot/share/interpreter/linkResolver.cpp, line 861]
Event: 7.650 Thread 0x00000209e7f8f000 Implicit null exception at 0x00000209f82d9d68 to 0x00000209f82d9dfa

Events (20 events):
Event: 7.657 loading class javax/xml/datatype/Duration done
Event: 7.657 loading class java/util/UUID
Event: 7.658 loading class java/util/UUID done
Event: 7.658 loading class java/lang/invoke/SerializedLambda
Event: 7.658 loading class java/lang/invoke/SerializedLambda done
Event: 7.660 loading class java/beans/EventHandler
Event: 7.660 loading class java/beans/EventHandler done
Event: 7.997 Thread 0x000002098c962000 Thread exited: 0x000002098c962000
Event: 8.184 Thread 0x000002098c962000 Thread added: 0x000002098c962000
Event: 8.322 Thread 0x000002098c962000 Thread exited: 0x000002098c962000
Event: 8.864 Executing VM operation: HandshakeAllThreads
Event: 8.864 Executing VM operation: HandshakeAllThreads done
Event: 8.871 loading class java/util/Vector$Itr
Event: 8.871 loading class java/util/Vector$Itr done
Event: 8.929 Loaded shared library C:\Program Files\Java\jdk-14\bin\nio.dll
Event: 9.099 loading class java/util/zip/Deflater
Event: 9.099 loading class java/util/zip/Deflater done
Event: 9.100 loading class java/util/zip/Deflater$DeflaterZStreamRef
Event: 9.100 loading class java/util/zip/Deflater$DeflaterZStreamRef done
Event: 9.102 Executing VM operation: G1TryInitiateConcMark


Dynamic libraries:
0x00007ff70cee0000 - 0x00007ff70ceef000 	C:\Program Files\Java\jdk-14\bin\java.exe
0x00007ff886640000 - 0x00007ff886830000 	C:\windows\SYSTEM32\ntdll.dll
0x00007ff885820000 - 0x00007ff8858d2000 	C:\windows\System32\KERNEL32.DLL
0x00007ff8843b0000 - 0x00007ff884654000 	C:\windows\System32\KERNELBASE.dll
0x00007ff883930000 - 0x00007ff883a2a000 	C:\windows\System32\ucrtbase.dll
0x00007ff867f90000 - 0x00007ff867fa8000 	C:\Program Files\Java\jdk-14\bin\jli.dll
0x00007ff867f70000 - 0x00007ff867f85000 	C:\Program Files\Java\jdk-14\bin\VCRUNTIME140.dll
0x00007ff885710000 - 0x00007ff8857b3000 	C:\windows\System32\ADVAPI32.dll
0x00007ff885670000 - 0x00007ff88570e000 	C:\windows\System32\msvcrt.dll
0x00007ff885e90000 - 0x00007ff885f27000 	C:\windows\System32\sechost.dll
0x00007ff8846f0000 - 0x00007ff884810000 	C:\windows\System32\RPCRT4.dll
0x00007ff885c20000 - 0x00007ff885db5000 	C:\windows\System32\USER32.dll
0x00007ff884660000 - 0x00007ff884681000 	C:\windows\System32\win32u.dll
0x00007ff886540000 - 0x00007ff886566000 	C:\windows\System32\GDI32.dll
0x00007ff86f650000 - 0x00007ff86f8d4000 	C:\windows\WinSxS\amd64_microsoft.windows.common-controls_6595b64144ccf1df_6.0.18362.1016_none_9e7a36bbe461dae4\COMCTL32.dll
0x00007ff8836c0000 - 0x00007ff883856000 	C:\windows\System32\gdi32full.dll
0x00007ff883a30000 - 0x00007ff883ace000 	C:\windows\System32\msvcp_win.dll
0x00007ff8858e0000 - 0x00007ff885c15000 	C:\windows\System32\combase.dll
0x00007ff883860000 - 0x00007ff8838e0000 	C:\windows\System32\bcryptPrimitives.dll
0x00007ff87e7d0000 - 0x00007ff87e7da000 	C:\windows\SYSTEM32\VERSION.dll
0x00007ff885f40000 - 0x00007ff885f6e000 	C:\windows\System32\IMM32.DLL
0x00007ff858030000 - 0x00007ff8580cb000 	C:\Program Files\Java\jdk-14\bin\msvcp140.dll
0x00007ff84f9b0000 - 0x00007ff8504cf000 	C:\Program Files\Java\jdk-14\bin\server\jvm.dll
0x00007ff886450000 - 0x00007ff886458000 	C:\windows\System32\PSAPI.DLL
0x00007ff86b300000 - 0x00007ff86b309000 	C:\windows\SYSTEM32\WSOCK32.dll
0x00007ff880e10000 - 0x00007ff880e34000 	C:\windows\SYSTEM32\WINMM.dll
0x00007ff886280000 - 0x00007ff8862ef000 	C:\windows\System32\WS2_32.dll
0x00007ff880980000 - 0x00007ff8809ad000 	C:\windows\SYSTEM32\WINMMBASE.dll
0x00007ff8838e0000 - 0x00007ff88392a000 	C:\windows\System32\cfgmgr32.dll
0x00007ff8835a0000 - 0x00007ff8835b1000 	C:\windows\System32\kernel.appcore.dll
0x00007ff8811b0000 - 0x00007ff8811ba000 	C:\Program Files\Java\jdk-14\bin\jimage.dll
0x00007ff86a3e0000 - 0x00007ff86a5d4000 	C:\windows\SYSTEM32\DBGHELP.DLL
0x00007ff86a350000 - 0x00007ff86a37a000 	C:\windows\SYSTEM32\dbgcore.DLL
0x00007ff867f40000 - 0x00007ff867f4e000 	C:\Program Files\Java\jdk-14\bin\instrument.dll
0x00007ff85e8a0000 - 0x00007ff85e8c5000 	C:\Program Files\Java\jdk-14\bin\java.dll
0x00007ff867f50000 - 0x00007ff867f67000 	C:\Program Files\Java\jdk-14\bin\zip.dll
0x00007ff884e00000 - 0x00007ff8854e7000 	C:\windows\System32\SHELL32.dll
0x00007ff8855c0000 - 0x00007ff885669000 	C:\windows\System32\shcore.dll
0x00007ff883c20000 - 0x00007ff8843a2000 	C:\windows\System32\windows.storage.dll
0x00007ff883500000 - 0x00007ff883523000 	C:\windows\System32\profapi.dll
0x00007ff883550000 - 0x00007ff88359a000 	C:\windows\System32\powrprof.dll
0x00007ff8834f0000 - 0x00007ff883500000 	C:\windows\System32\UMPDC.dll
0x00007ff886460000 - 0x00007ff8864b2000 	C:\windows\System32\shlwapi.dll
0x00007ff8836a0000 - 0x00007ff8836b7000 	C:\windows\System32\cryptsp.dll
0x00007ff85e7b0000 - 0x00007ff85e7c9000 	C:\Program Files\Java\jdk-14\bin\net.dll
0x00007ff874f80000 - 0x00007ff875070000 	C:\windows\SYSTEM32\WINHTTP.dll
0x00007ff882d50000 - 0x00007ff882db7000 	C:\windows\system32\mswsock.dll
0x00007ff85d510000 - 0x00007ff85d522000 	C:\Program Files\Java\jdk-14\bin\nio.dll
0x00007ff865330000 - 0x00007ff86534a000 	C:\Program Files\JetBrains\IntelliJ IDEA 2019.3.4\bin\breakgen64.dll
0x00007ff87ff80000 - 0x00007ff87ff90000 	C:\Program Files\Java\jdk-14\bin\verify.dll
0x00007ff8828c0000 - 0x00007ff8828f3000 	C:\windows\system32\rsaenh.dll
0x00007ff883670000 - 0x00007ff883696000 	C:\windows\System32\bcrypt.dll
0x00007ff883410000 - 0x00007ff883435000 	C:\windows\SYSTEM32\USERENV.dll
0x00007ff882f20000 - 0x00007ff882f2c000 	C:\windows\SYSTEM32\CRYPTBASE.dll
0x00007ff882a60000 - 0x00007ff882a9a000 	C:\windows\SYSTEM32\IPHLPAPI.DLL
0x00007ff886570000 - 0x00007ff886578000 	C:\windows\System32\NSI.dll
0x00007ff87b800000 - 0x00007ff87b816000 	C:\windows\SYSTEM32\dhcpcsvc6.DLL
0x00007ff87b5f0000 - 0x00007ff87b60c000 	C:\windows\SYSTEM32\dhcpcsvc.DLL
0x00007ff882aa0000 - 0x00007ff882b6b000 	C:\windows\SYSTEM32\DNSAPI.dll
0x00007ff867f30000 - 0x00007ff867f3a000 	C:\Users\tqp\AppData\Local\Temp\jansi-1.17.1-13062378656299954549.dll
0x00007ff865320000 - 0x00007ff86532a000 	C:\Users\tqp\AppData\Local\Temp\jansi-1.17.1-8961275728817710006.dll

dbghelp: loaded successfully - version: 4.0.5 - missing functions: none
symbol engine: initialized successfully - sym options: 0x614 - pdb path: .;C:\Program Files\Java\jdk-14\bin;C:\windows\SYSTEM32;C:\windows\WinSxS\amd64_microsoft.windows.common-controls_6595b64144ccf1df_6.0.18362.1016_none_9e7a36bbe461dae4;C:\Program Files\Java\jdk-14\bin\server;C:\Program Files\JetBrains\IntelliJ IDEA 2019.3.4\bin;C:\Users\tqp\AppData\Local\Temp

VM Arguments:
jvm_args: -Dmaven.multiModuleProjectDirectory=C:\_TQP\Development\Projects\tims-analytics-server -Dmaven.home=C:\Program Files\JetBrains\IntelliJ IDEA 2019.3.4\plugins\maven\lib\maven3 -Dclassworlds.conf=C:\Program Files\JetBrains\IntelliJ IDEA 2019.3.4\plugins\maven\lib\maven3\bin\m2.conf -Dmaven.ext.class.path=C:\Program Files\JetBrains\IntelliJ IDEA 2019.3.4\plugins\maven\lib\maven-event-listener.jar -javaagent:C:\Program Files\JetBrains\IntelliJ IDEA 2019.3.4\lib\idea_rt.jar=63118:C:\Program Files\JetBrains\IntelliJ IDEA 2019.3.4\bin -Dfile.encoding=UTF-8 
java_command: org.codehaus.classworlds.Launcher -Didea.version=2020.2.1 clean install
java_class_path (initial): C:\Program Files\JetBrains\IntelliJ IDEA 2019.3.4\plugins\maven\lib\maven3\boot\plexus-classworlds-2.6.0.jar;C:\Program Files\JetBrains\IntelliJ IDEA 2019.3.4\plugins\maven\lib\maven3\boot\plexus-classworlds.license
Launcher Type: SUN_STANDARD

[Global flags]
     intx CICompilerCount                          = 3                                         {product} {ergonomic}
     uint ConcGCThreads                            = 2                                         {product} {ergonomic}
     uint G1ConcRefinementThreads                  = 6                                         {product} {ergonomic}
   size_t G1HeapRegionSize                         = 1048576                                   {product} {ergonomic}
    uintx GCDrainStackTargetSize                   = 64                                        {product} {ergonomic}
   size_t InitialHeapSize                          = 201326592                                 {product} {ergonomic}
   size_t MarkStackSize                            = 4194304                                   {product} {ergonomic}
   size_t MaxHeapSize                              = 3189768192                                {product} {ergonomic}
   size_t MaxNewSize                               = 1913651200                                {product} {ergonomic}
   size_t MinHeapDeltaBytes                        = 1048576                                   {product} {ergonomic}
   size_t MinHeapSize                              = 8388608                                   {product} {ergonomic}
    uintx NonNMethodCodeHeapSize                   = 5832780                                {pd product} {ergonomic}
    uintx NonProfiledCodeHeapSize                  = 122912730                              {pd product} {ergonomic}
    uintx ProfiledCodeHeapSize                     = 122912730                              {pd product} {ergonomic}
    uintx ReservedCodeCacheSize                    = 251658240                              {pd product} {ergonomic}
     bool SegmentedCodeCache                       = true                                      {product} {ergonomic}
   size_t SoftMaxHeapSize                          = 3189768192                             {manageable} {ergonomic}
     bool UseCompressedClassPointers               = true                                 {lp64_product} {ergonomic}
     bool UseCompressedOops                        = true                                 {lp64_product} {ergonomic}
     bool UseG1GC                                  = true                                      {product} {ergonomic}
     bool UseLargePagesIndividualAllocation        = false                                  {pd product} {ergonomic}

Logging:
Log output configuration:
 #0: stdout all=warning uptime,level,tags
 #1: stderr all=off uptime,level,tags

Environment Variables:
JAVA_HOME=C:\Program Files\Java\jdk-14
PATH=C:\windows\system32;C:\windows;C:\windows\System32\Wbem;C:\windows\System32\WindowsPowerShell\v1.0\;C:\windows\System32\OpenSSH\;C:\Program Files\nodejs\;C:\Program Files\PuTTY\;C:\Program Files\Git\cmd;C:\Program Files\JetBrains\IntelliJ IDEA 2019.3.4\plugins\maven\lib\maven3\bin;;C:\Program Files\NVIDIA Corporation\NVIDIA NvDLISR;C:\Users\tqp\AppData\Local\Microsoft\WindowsApps;C:\Users\tqp\AppData\Roaming\npm
USERNAME=Tim
OS=Windows_NT
PROCESSOR_IDENTIFIER=Intel64 Family 6 Model 158 Stepping 10, GenuineIntel



---------------  S Y S T E M  ---------------

OS: Windows 10 , 64 bit Build 18362 (10.0.18362.959)
OS uptime: 2 days 4:13 hours

CPU:total 6 (initial active 6) (6 cores per cpu, 1 threads per core) family 6 model 158 stepping 10, cmov, cx8, fxsr, mmx, sse, sse2, sse3, ssse3, sse4.1, sse4.2, popcnt, avx, avx2, aes, clmul, erms, 3dnowpref, lzcnt, tsc, tscinvbit, bmi1, bmi2, adx, fma

Memory: 4k page, system-wide physical 12164M (1684M free)
TotalPageFile size 49028M (AvailPageFile size 22M)
current process WorkingSet (physical memory assigned to process): 346M, peak: 353M
current process commit charge ("private bytes"): 380M, peak: 443M

vm_info: Java HotSpot(TM) 64-Bit Server VM (14+36-1461) for windows-amd64 JRE (14+36-1461), built on Feb  6 2020 19:08:04 by "mach5one" with MS VC++ 15.9 (VS2017)

END.
